<?xml version="1.0" encoding="UTF-8"?>
<!-- Generated by org.testng.reporters.JUnitReportReporter -->
<testsuite hostname="DESKTOP-VTBT3RG" failures="0" tests="1" name="TestngAnnotations.Annotation2" time="0.005" errors="0" timestamp="2022-03-25T08:49:19 IST" skipped="0">
  <testcase classname="TestngAnnotations.Annotation2" name="Testcase1" time="0.005"/>
  <system-out/>
</testsuite> <!-- TestngAnnotations.Annotation2 -->
