<?xml version="1.0" encoding="UTF-8"?>
<!-- Generated by org.testng.reporters.JUnitReportReporter -->
<testsuite hostname="DESKTOP-VTBT3RG" failures="0" tests="2" name="TestngAnnotations.Annotation" time="0.006" errors="0" timestamp="2022-03-25T08:49:19 IST" skipped="0">
  <testcase classname="TestngAnnotations.Annotation" name="Testcase3" time="0.005"/>
  <system-out/>
  <testcase classname="TestngAnnotations.Annotation" name="Testcase4" time="0.001"/>
  <system-out/>
</testsuite> <!-- TestngAnnotations.Annotation -->
