<?xml version="1.0" encoding="UTF-8"?>
<!-- Generated by org.testng.reporters.JUnitReportReporter -->
<testsuite hostname="DESKTOP-VTBT3RG" failures="0" tests="5" name="Testcase.Facebooksample" time="31.901" errors="0" timestamp="2022-04-09T09:21:21 IST" skipped="0">
  <testcase classname="Testcase.Facebooksample" name="FaceBookLoginandLogout" time="5.475"/>
  <system-out/>
  <testcase classname="Testcase.Facebooksample" name="FaceBookLoginandLogout" time="5.354"/>
  <system-out/>
  <testcase classname="Testcase.Facebooksample" name="FaceBookLoginandLogout" time="6.073"/>
  <system-out/>
  <testcase classname="Testcase.Facebooksample" name="FaceBookwithinvalidpassword" time="7.947"/>
  <system-out/>
  <testcase classname="Testcase.Facebooksample" name="FaceBookwithinvalidpassword" time="7.052"/>
  <system-out/>
</testsuite> <!-- Testcase.Facebooksample -->
